<?xml version="1.0" encoding="UTF-8"?>
<!-- Generated by org.testng.reporters.JUnitReportReporter -->
<testsuite skipped="0" hostname="Faculty-Laptop-4thFloor-Room3" name="com.crm.zohocrm.testscripts.TC001" tests="1" failures="0" timestamp="2021-03-08T17:17:30 IST" time="12.502" errors="0">
  <testcase name="testCampaignIsDisplayed" time="12.502" classname="com.crm.zohocrm.testscripts.TC001"/>
  <system-out/>
</testsuite> <!-- com.crm.zohocrm.testscripts.TC001 -->
