<?xml version="1.0" encoding="UTF-8"?>
<!-- Generated by org.testng.reporters.JUnitReportReporter -->
<testsuite skipped="0" hostname="admin-PC" name="com.crm.zohocrm.testscripts.TC001" tests="1" failures="0" timestamp="09 Mar 2021 12:33:14 GMT" time="19.345" errors="0">
  <testcase name="testCampaignIsDisplayed" time="19.345" classname="com.crm.zohocrm.testscripts.TC001"/>
</testsuite> <!-- com.crm.zohocrm.testscripts.TC001 -->
